<?xml version="1.0" encoding="UTF-8"?>
<!-- Generated by org.testng.reporters.JUnitReportReporter -->
<testsuite hostname="DESKTOP-81ARGGN" failures="0" tests="1" name="com.cyient.test.LoginTest" time="86.219" errors="0" timestamp="2021-06-07T15:42:49 IST" skipped="0">
  <testcase classname="com.cyient.test.LoginTest" name="invalidCredentialTest" time="86.219"/>
  <system-out/>
</testsuite> <!-- com.cyient.test.LoginTest -->
